This is XeTeX, Version 3.141592653-2.6-0.999995 (MiKTeX 24.1) (preloaded format=xelatex 2024.5.13)  10 JUN 2024 21:39
entering extended mode
 restricted \write18 enabled.
 %&-line parsing enabled.
**./main.tex
(main.tex
LaTeX2e <2023-11-01> patch level 1
L3 programming layer <2024-01-04>
(setup.tex (vkr.cls
Document Class: vkr VKR class
(C:\Users\maxim\AppData\Local\Programs\MiKTeX\tex/latex/fontspec\fontspec.sty
(C:\Users\maxim\AppData\Local\Programs\MiKTeX\tex/latex/l3packages/xparse\xpars
e.sty
(C:\Users\maxim\AppData\Local\Programs\MiKTeX\tex/latex/l3kernel\expl3.sty
Package: expl3 2024-01-04 L3 programming layer (loader) 

(C:\Users\maxim\AppData\Local\Programs\MiKTeX\tex/latex/l3backend\l3backend-xet
ex.def
File: l3backend-xetex.def 2024-01-04 L3 backend support: XeTeX
\g__graphics_track_int=\count183
\l__pdf_internal_box=\box51
\g__pdf_backend_object_int=\count184
\g__pdf_backend_annotation_int=\count185
\g__pdf_backend_link_int=\count186
))
Package: xparse 2023-10-10 L3 Experimental document command parser
)
Package: fontspec 2022/01/15 v2.8a Font selection for XeLaTeX and LuaLaTeX

(C:\Users\maxim\AppData\Local\Programs\MiKTeX\tex/latex/fontspec\fontspec-xetex
.sty
Package: fontspec-xetex 2022/01/15 v2.8a Font selection for XeLaTeX and LuaLaTe
X
\l__fontspec_script_int=\count187
\l__fontspec_language_int=\count188
\l__fontspec_strnum_int=\count189
\l__fontspec_tmp_int=\count190
\l__fontspec_tmpa_int=\count191
\l__fontspec_tmpb_int=\count192
\l__fontspec_tmpc_int=\count193
\l__fontspec_em_int=\count194
\l__fontspec_emdef_int=\count195
\l__fontspec_strong_int=\count196
\l__fontspec_strongdef_int=\count197
\l__fontspec_tmpa_dim=\dimen140
\l__fontspec_tmpb_dim=\dimen141
\l__fontspec_tmpc_dim=\dimen142
 (C:\Users\maxim\AppData\Local\Programs\MiKTeX\tex/latex/base\fontenc.sty
Package: fontenc 2021/04/29 v2.0v Standard LaTeX package
)
(C:\Users\maxim\AppData\Local\Programs\MiKTeX\tex/latex/fontspec\fontspec.cfg))
)

Package fontspec Info: Font family 'TimesNewRoman(0)' created for font 'Times
(fontspec)             New Roman' with options [Ligatures=TeX].
(fontspec)              
(fontspec)              This font family consists of the following NFSS
(fontspec)             series/shapes:
(fontspec)              
(fontspec)             - 'normal' (m/n) with NFSS spec.: <->"Times New
(fontspec)             Roman/OT:script=latn;language=dflt;mapping=tex-text;"
(fontspec)             - 'small caps'  (m/sc) with NFSS spec.: <->"Times New
(fontspec)             Roman/OT:script=latn;language=dflt;+smcp;mapping=tex-tex
t;"
(fontspec)             - 'bold' (b/n) with NFSS spec.: <->"Times New
(fontspec)             Roman/B/OT:script=latn;language=dflt;mapping=tex-text;"
(fontspec)             - 'bold small caps'  (b/sc) with NFSS spec.: <->"Times
(fontspec)             New
(fontspec)             Roman/B/OT:script=latn;language=dflt;+smcp;mapping=tex-t
ext;"
(fontspec)             - 'italic' (m/it) with NFSS spec.: <->"Times New
(fontspec)             Roman/I/OT:script=latn;language=dflt;mapping=tex-text;"
(fontspec)             - 'italic small caps'  (m/scit) with NFSS spec.:
(fontspec)             <->"Times New
(fontspec)             Roman/I/OT:script=latn;language=dflt;+smcp;mapping=tex-t
ext;"
(fontspec)             - 'bold italic' (b/it) with NFSS spec.: <->"Times New
(fontspec)             Roman/BI/OT:script=latn;language=dflt;mapping=tex-text;"

(fontspec)             - 'bold italic small caps'  (b/scit) with NFSS spec.:
(fontspec)             <->"Times New
(fontspec)             Roman/BI/OT:script=latn;language=dflt;+smcp;mapping=tex-
text;"

\pagetop=\skip48
\pagebottom=\skip49
\pageleft=\skip50
\pageright=\skip51
\pwidth=\skip52
\pheight=\skip53
\saved@arstrutbox=\box52
\c@section=\count198
\c@subsection=\count199
\c@subsubsection=\count266
\c@paragraph=\count267
\c@figure=\count268
\c@figurecnt=\count269
\abovecaptionskip=\skip54
\belowcaptionskip=\skip55
\c@table=\count270
\c@tablecnt=\count271
\c@lastpage=\count272
\c@числоПлакатов=\count273
\c@bibcount=\count274
) (C:\Users\maxim\AppData\Local\Programs\MiKTeX\tex/generic/babel\babel.sty
Package: babel 2024/01/07 v24.1 The Babel package
\babel@savecnt=\count275
\U@D=\dimen143
\l@unhyphenated=\language79

(C:\Users\maxim\AppData\Local\Programs\MiKTeX\tex/generic/babel\xebabel.def)
\bbl@readstream=\read2
\bbl@dirlevel=\count276

*************************************
* Local config file bblopts.cfg used
*
(C:\Users\maxim\AppData\Local\Programs\MiKTeX\tex/latex/arabi\bblopts.cfg
File: bblopts.cfg 2005/09/08 v0.1 add Arabic and Farsi to "declared" options of
 babel
)
(C:\Users\maxim\AppData\Local\Programs\MiKTeX\tex/latex/babel-english\english.l
df
Language: english 2017/06/06 v3.3r English support from the babel system
Package babel Info: Hyphen rules for 'canadian' set to \l@english
(babel)             (\language0). Reported on input line 102.
Package babel Info: Hyphen rules for 'australian' set to \l@ukenglish
(babel)             (\language73). Reported on input line 105.
Package babel Info: Hyphen rules for 'newzealand' set to \l@ukenglish
(babel)             (\language73). Reported on input line 108.
)
(C:\Users\maxim\AppData\Local\Programs\MiKTeX\tex/latex/babel-russian\russianb.
ldf
File: russianb.ldf 2021/01/10 1.3m Russian support for the Babel system
Language: russian 2020/09/09 1.3k Russian support for the Babel system
Package babel Info: Making " an active character on input line 124.
Package babel Info: Default for \cyrdash is provided on input line 163.
))
(C:\Users\maxim\AppData\Local\Programs\MiKTeX\tex/generic/babel/locale/ru\babel
-russian.tex
Package babel Info: Importing font and identification data for russian
(babel)             from babel-ru.ini. Reported on input line 11.
)
(C:\Users\maxim\AppData\Local\Programs\MiKTeX\tex/generic/babel/locale/en\babel
-english.tex
Package babel Info: Importing font and identification data for english
(babel)             from babel-en.ini. Reported on input line 11.
)
(C:\Users\maxim\AppData\Local\Programs\MiKTeX\tex/latex/graphics\graphicx.sty
Package: graphicx 2021/09/16 v1.2d Enhanced LaTeX Graphics (DPC,SPQR)

(C:\Users\maxim\AppData\Local\Programs\MiKTeX\tex/latex/graphics\keyval.sty
Package: keyval 2022/05/29 v1.15 key=value parser (DPC)
\KV@toks@=\toks17
)
(C:\Users\maxim\AppData\Local\Programs\MiKTeX\tex/latex/graphics\graphics.sty
Package: graphics 2022/03/10 v1.4e Standard LaTeX Graphics (DPC,SPQR)

(C:\Users\maxim\AppData\Local\Programs\MiKTeX\tex/latex/graphics\trig.sty
Package: trig 2021/08/11 v1.11 sin cos tan (DPC)
)
(C:\Users\maxim\AppData\Local\Programs\MiKTeX\tex/latex/graphics-cfg\graphics.c
fg
File: graphics.cfg 2016/06/04 v1.11 sample graphics configuration
)
Package graphics Info: Driver file: xetex.def on input line 107.

(C:\Users\maxim\AppData\Local\Programs\MiKTeX\tex/latex/graphics-def\xetex.def
File: xetex.def 2022/09/22 v5.0n Graphics/color driver for xetex
))
\Gin@req@height=\dimen144
\Gin@req@width=\dimen145
)
(C:\Users\maxim\AppData\Local\Programs\MiKTeX\tex/latex/hyperref\hyperref.sty
Package: hyperref 2023-11-26 v7.01g Hypertext links for LaTeX

(C:\Users\maxim\AppData\Local\Programs\MiKTeX\tex/generic/iftex\iftex.sty
Package: iftex 2022/02/03 v1.0f TeX engine tests
)
(C:\Users\maxim\AppData\Local\Programs\MiKTeX\tex/generic/infwarerr\infwarerr.s
ty
Package: infwarerr 2019/12/03 v1.5 Providing info/warning/error messages (HO)
)
(C:\Users\maxim\AppData\Local\Programs\MiKTeX\tex/latex/kvsetkeys\kvsetkeys.sty
Package: kvsetkeys 2022-10-05 v1.19 Key value parser (HO)
)
(C:\Users\maxim\AppData\Local\Programs\MiKTeX\tex/generic/kvdefinekeys\kvdefine
keys.sty
Package: kvdefinekeys 2019-12-19 v1.6 Define keys (HO)
)
(C:\Users\maxim\AppData\Local\Programs\MiKTeX\tex/generic/pdfescape\pdfescape.s
ty
Package: pdfescape 2019/12/09 v1.15 Implements pdfTeX's escape features (HO)

(C:\Users\maxim\AppData\Local\Programs\MiKTeX\tex/generic/ltxcmds\ltxcmds.sty
Package: ltxcmds 2023-12-04 v1.26 LaTeX kernel commands for general use (HO)
)
(C:\Users\maxim\AppData\Local\Programs\MiKTeX\tex/generic/pdftexcmds\pdftexcmds
.sty
Package: pdftexcmds 2020-06-27 v0.33 Utility functions of pdfTeX for LuaTeX (HO
)
Package pdftexcmds Info: \pdf@primitive is available.
Package pdftexcmds Info: \pdf@ifprimitive is available.
Package pdftexcmds Info: \pdfdraftmode not found.
))
(C:\Users\maxim\AppData\Local\Programs\MiKTeX\tex/latex/hycolor\hycolor.sty
Package: hycolor 2020-01-27 v1.10 Color options for hyperref/bookmark (HO)
)
(C:\Users\maxim\AppData\Local\Programs\MiKTeX\tex/latex/letltxmacro\letltxmacro
.sty
Package: letltxmacro 2019/12/03 v1.6 Let assignment for LaTeX macros (HO)
)
(C:\Users\maxim\AppData\Local\Programs\MiKTeX\tex/latex/auxhook\auxhook.sty
Package: auxhook 2019-12-17 v1.6 Hooks for auxiliary files (HO)
)
(C:\Users\maxim\AppData\Local\Programs\MiKTeX\tex/latex/hyperref\nameref.sty
Package: nameref 2023-11-26 v2.56 Cross-referencing by name of section

(C:\Users\maxim\AppData\Local\Programs\MiKTeX\tex/latex/refcount\refcount.sty
Package: refcount 2019/12/15 v3.6 Data extraction from label references (HO)
)
(C:\Users\maxim\AppData\Local\Programs\MiKTeX\tex/generic/gettitlestring\gettit
lestring.sty
Package: gettitlestring 2019/12/15 v1.6 Cleanup title references (HO)

(C:\Users\maxim\AppData\Local\Programs\MiKTeX\tex/latex/kvoptions\kvoptions.sty
Package: kvoptions 2022-06-15 v3.15 Key value format for package options (HO)
))
\c@section@level=\count277
)
(C:\Users\maxim\AppData\Local\Programs\MiKTeX\tex/latex/etoolbox\etoolbox.sty
Package: etoolbox 2020/10/05 v2.5k e-TeX tools for LaTeX (JAW)
\etb@tempcnta=\count278
)
\@linkdim=\dimen146
\Hy@linkcounter=\count279
\Hy@pagecounter=\count280

(C:\Users\maxim\AppData\Local\Programs\MiKTeX\tex/latex/hyperref\pd1enc.def
File: pd1enc.def 2023-11-26 v7.01g Hyperref: PDFDocEncoding definition (HO)
)
(C:\Users\maxim\AppData\Local\Programs\MiKTeX\tex/generic/intcalc\intcalc.sty
Package: intcalc 2019/12/15 v1.3 Expandable calculations with integers (HO)
)
\Hy@SavedSpaceFactor=\count281

(C:\Users\maxim\AppData\Local\Programs\MiKTeX\tex/latex/hyperref\puenc.def
File: puenc.def 2023-11-26 v7.01g Hyperref: PDF Unicode definition (HO)
)
Package hyperref Info: Option `unicode' set `true' on input line 3167.
Package hyperref Info: Hyper figures OFF on input line 4181.
Package hyperref Info: Link nesting OFF on input line 4186.
Package hyperref Info: Hyper index ON on input line 4189.
Package hyperref Info: Plain pages OFF on input line 4196.
Package hyperref Info: Backreferencing OFF on input line 4201.
Package hyperref Info: Implicit mode ON; LaTeX internals redefined.
Package hyperref Info: Bookmarks ON on input line 4448.
\c@Hy@tempcnt=\count282

(C:\Users\maxim\AppData\Local\Programs\MiKTeX\tex/latex/url\url.sty
\Urlmuskip=\muskip16
Package: url 2013/09/16  ver 3.4  Verb mode for urls, etc.
)
LaTeX Info: Redefining \url on input line 4786.
\XeTeXLinkMargin=\dimen147

(C:\Users\maxim\AppData\Local\Programs\MiKTeX\tex/generic/bitset\bitset.sty
Package: bitset 2019/12/09 v1.3 Handle bit-vector datatype (HO)

(C:\Users\maxim\AppData\Local\Programs\MiKTeX\tex/generic/bigintcalc\bigintcalc
.sty
Package: bigintcalc 2019/12/15 v1.5 Expandable calculations on big integers (HO
)
))
\Fld@menulength=\count283
\Field@Width=\dimen148
\Fld@charsize=\dimen149
Package hyperref Info: Hyper figures OFF on input line 6065.
Package hyperref Info: Link nesting OFF on input line 6070.
Package hyperref Info: Hyper index ON on input line 6073.
Package hyperref Info: backreferencing OFF on input line 6080.
Package hyperref Info: Link coloring OFF on input line 6085.
Package hyperref Info: Link coloring with OCG OFF on input line 6090.
Package hyperref Info: PDF/A mode OFF on input line 6095.

(C:\Users\maxim\AppData\Local\Programs\MiKTeX\tex/latex/base\atbegshi-ltx.sty
Package: atbegshi-ltx 2021/01/10 v1.0c Emulation of the original atbegshi
package with kernel methods
)
\Hy@abspage=\count284
\c@Item=\count285
\c@Hfootnote=\count286
)
Package hyperref Info: Driver (autodetected): hxetex.
(C:\Users\maxim\AppData\Local\Programs\MiKTeX\tex/latex/hyperref\hxetex.def
File: hxetex.def 2023-11-26 v7.01g Hyperref driver for XeTeX

(C:\Users\maxim\AppData\Local\Programs\MiKTeX\tex/generic/stringenc\stringenc.s
ty
Package: stringenc 2019/11/29 v1.12 Convert strings between diff. encodings (HO
)
)
\pdfm@box=\box53
\c@Hy@AnnotLevel=\count287
\HyField@AnnotCount=\count288
\Fld@listcount=\count289
\c@bookmark@seq@number=\count290

(C:\Users\maxim\AppData\Local\Programs\MiKTeX\tex/latex/rerunfilecheck\rerunfil
echeck.sty
Package: rerunfilecheck 2022-07-10 v1.10 Rerun checks for auxiliary files (HO)

(C:\Users\maxim\AppData\Local\Programs\MiKTeX\tex/latex/base\atveryend-ltx.sty
Package: atveryend-ltx 2020/08/19 v1.0a Emulation of the original atveryend pac
kage
with kernel methods
)
(C:\Users\maxim\AppData\Local\Programs\MiKTeX\tex/generic/uniquecounter\uniquec
ounter.sty
Package: uniquecounter 2019/12/15 v1.4 Provide unlimited unique counter (HO)
)
Package uniquecounter Info: New unique counter `rerunfilecheck' on input line 2
85.
)
\Hy@SectionHShift=\skip56
)
(C:\Users\maxim\AppData\Local\Programs\MiKTeX\tex/latex/float\float.sty
Package: float 2001/11/08 v1.3d Float enhancements (AL)
\c@float@type=\count291
\float@exts=\toks18
\float@box=\box54
\@float@everytoks=\toks19
\@floatcapt=\box55
)
(C:\Users\maxim\AppData\Local\Programs\MiKTeX\tex/latex/pdflscape\pdflscape.sty
Package: pdflscape 2022-10-27 v0.13 Display of landscape pages in PDF

(C:\Users\maxim\AppData\Local\Programs\MiKTeX\tex/latex/pdflscape\pdflscape-nom
etadata.sty
Package: pdflscape-nometadata 2022-10-28 v0.13 Display of landscape pages in PD
F (HO)

(C:\Users\maxim\AppData\Local\Programs\MiKTeX\tex/latex/graphics\lscape.sty
Package: lscape 2020/05/28 v3.02 Landscape Pages (DPC)
)
Package pdflscape Info: Auto-detected driver: dvipdfm (xetex) on input line 98.

))
(C:\Users\maxim\AppData\Local\Programs\MiKTeX\tex/latex/xltabular\xltabular.sty
Package: xltabular 2020/11/04 v0.2e `xltabular' package (hv,RN)
(C:\Users\maxim\AppData\Local\Programs\MiKTeX\tex/latex/tools\tabularx.sty
Package: tabularx 2023/07/08 v2.11c `tabularx' package (DPC)

(C:\Users\maxim\AppData\Local\Programs\MiKTeX\tex/latex/tools\array.sty
Package: array 2023/10/16 v2.5g Tabular extension package (FMi)
\col@sep=\dimen150
\ar@mcellbox=\box56
\extrarowheight=\dimen151
\NC@list=\toks20
\extratabsurround=\skip57
\backup@length=\skip58
\ar@cellbox=\box57
)
\TX@col@width=\dimen152
\TX@old@table=\dimen153
\TX@old@col=\dimen154
\TX@target=\dimen155
\TX@delta=\dimen156
\TX@cols=\count292
\TX@ftn=\toks21
)
(C:\Users\maxim\AppData\Local\Programs\MiKTeX\tex/latex/ltablex\ltablex.sty
Package: ltablex 2014/08/13 v1.1 Modified tabularx

(C:\Users\maxim\AppData\Local\Programs\MiKTeX\tex/latex/tools\longtable.sty
Package: longtable 2023-11-01 v4.19 Multi-page Table package (DPC)
\LTleft=\skip59
\LTright=\skip60
\LTpre=\skip61
\LTpost=\skip62
\LTchunksize=\count293
\LTcapwidth=\dimen157
\LT@head=\box58
\LT@firsthead=\box59
\LT@foot=\box60
\LT@lastfoot=\box61
\LT@gbox=\box62
\LT@cols=\count294
\LT@rows=\count295
\c@LT@tables=\count296
\c@LT@chunks=\count297
\LT@p@ftn=\toks22
)))
(C:\Users\maxim\AppData\Local\Programs\MiKTeX\tex/latex/makecell\makecell.sty
Package: makecell 2009/08/03 V0.1e Managing of Tab Column Heads and Cells
\rotheadsize=\dimen158
\c@nlinenum=\count298
\TeXr@lab=\toks23
)

Package array Warning: Redefining primitive column r on input line 16.

(C:\Users\maxim\AppData\Local\Programs\MiKTeX\tex/latex/caption\caption.sty
Package: caption 2023/08/05 v3.6o Customizing captions (AR)

(C:\Users\maxim\AppData\Local\Programs\MiKTeX\tex/latex/caption\caption3.sty
Package: caption3 2023/07/31 v2.4d caption3 kernel (AR)
\caption@tempdima=\dimen159
\captionmargin=\dimen160
\caption@leftmargin=\dimen161
\caption@rightmargin=\dimen162
\caption@width=\dimen163
\caption@indent=\dimen164
\caption@parindent=\dimen165
\caption@hangindent=\dimen166
Package caption Info: Unknown document class (or package),
(caption)             standard defaults will be used.
Package caption Info: \@makecaption = \long macro:#1#2->\vskip \abovecaptionski
p \sbox \@tempboxa {#1 -- #2}\ifdim \wd \@tempboxa >\hsize #1 -- #2\par \else \
global \@minipagefalse \if \instring {Таб}{#1} \hb@xt@ \hsize {\box \@tempboxa 
\hfil }\else \hb@xt@ \hsize {\hfil \box \@tempboxa \hfil }\fi \fi \vskip \below
captionskip  on input line 1175.
)

Package caption Warning: Unknown document class (or package),
(caption)                standard defaults will be used.
See the caption package documentation for explanation.

\c@caption@flags=\count299
\c@continuedfloat=\count300
Package caption Info: float package is loaded.
Package caption Info: hyperref package is loaded.
Package caption Info: longtable package is loaded.
(C:\Users\maxim\AppData\Local\Programs\MiKTeX\tex/latex/caption\ltcaption.sty
Package: ltcaption 2021/01/08 v1.4c longtable captions (AR)
)) (C:\Users\maxim\AppData\Local\Programs\MiKTeX\tex/latex/enumitem\enumitem.st
y
Package: enumitem 2019/06/20 v3.9 Customized lists
\labelindent=\skip63
\enit@outerparindent=\dimen167
\enit@toks=\toks24
\enit@inbox=\box63
\enit@count@id=\count301
\enitdp@description=\count302
) (C:\Users\maxim\AppData\Local\Programs\MiKTeX\tex/latex/graphics\color.sty
Package: color 2022/01/06 v1.3d Standard LaTeX Color (DPC)

(C:\Users\maxim\AppData\Local\Programs\MiKTeX\tex/latex/graphics-cfg\color.cfg
File: color.cfg 2016/01/02 v1.6 sample color configuration
)
Package color Info: Driver file: xetex.def on input line 149.
(C:\Users\maxim\AppData\Local\Programs\MiKTeX\tex/latex/graphics\mathcolor.ltx)
) (C:\Users\maxim\AppData\Local\Programs\MiKTeX\tex/latex/listings\listings.sty
\lst@mode=\count303
\lst@gtempboxa=\box64
\lst@token=\toks25
\lst@length=\count304
\lst@currlwidth=\dimen168
\lst@column=\count305
\lst@pos=\count306
\lst@lostspace=\dimen169
\lst@width=\dimen170
\lst@newlines=\count307
\lst@lineno=\count308
\lst@maxwidth=\dimen171
(C:\Users\maxim\AppData\Local\Programs\MiKTeX\tex/latex/listings\lstmisc.sty
File: lstmisc.sty 2023/02/27 1.9 (Carsten Heinz)
\c@lstnumber=\count309
\lst@skipnumbers=\count310
\lst@framebox=\box65
)
(C:\Users\maxim\AppData\Local\Programs\MiKTeX\tex/latex/listings\listings.cfg
File: listings.cfg 2023/02/27 1.9 listings configuration
))
Package: listings 2023/02/27 1.9 (Carsten Heinz)

Package fontspec Info: Font family 'Verdana(0)' created for font 'Verdana'
(fontspec)             with options
(fontspec)             [WordSpace={1,0,0},HyphenChar=None,PunctuationSpace=Word
Space,Scale=0.7].
(fontspec)              
(fontspec)              This font family consists of the following NFSS
(fontspec)             series/shapes:
(fontspec)              
(fontspec)             - 'normal' (m/n) with NFSS spec.:
(fontspec)             <->s*[0.7]"Verdana/OT:script=latn;language=dflt;"
(fontspec)             - 'small caps'  (m/sc) with NFSS spec.:
(fontspec)             <->s*[0.7]"Verdana/OT:script=latn;language=dflt;+smcp;"
(fontspec)             and font adjustment code:
(fontspec)             \fontdimen 2\font =1\fontdimen 2\font \fontdimen 3\font
(fontspec)             =0\fontdimen 3\font \fontdimen 4\font =0\fontdimen
(fontspec)             4\font \fontdimen 7\font =0\fontdimen 2\font
(fontspec)             \tex_hyphenchar:D \font =-1\scan_stop: 
(fontspec)             - 'bold' (b/n) with NFSS spec.:
(fontspec)             <->s*[0.7]"Verdana/B/OT:script=latn;language=dflt;"
(fontspec)             - 'bold small caps'  (b/sc) with NFSS spec.:
(fontspec)             <->s*[0.7]"Verdana/B/OT:script=latn;language=dflt;+smcp;
"
(fontspec)             and font adjustment code:
(fontspec)             \fontdimen 2\font =1\fontdimen 2\font \fontdimen 3\font
(fontspec)             =0\fontdimen 3\font \fontdimen 4\font =0\fontdimen
(fontspec)             4\font \fontdimen 7\font =0\fontdimen 2\font
(fontspec)             \tex_hyphenchar:D \font =-1\scan_stop: 
(fontspec)             - 'italic' (m/it) with NFSS spec.:
(fontspec)             <->s*[0.7]"Verdana/I/OT:script=latn;language=dflt;"
(fontspec)             - 'italic small caps'  (m/scit) with NFSS spec.:
(fontspec)             <->s*[0.7]"Verdana/I/OT:script=latn;language=dflt;+smcp;
"
(fontspec)             and font adjustment code:
(fontspec)             \fontdimen 2\font =1\fontdimen 2\font \fontdimen 3\font
(fontspec)             =0\fontdimen 3\font \fontdimen 4\font =0\fontdimen
(fontspec)             4\font \fontdimen 7\font =0\fontdimen 2\font
(fontspec)             \tex_hyphenchar:D \font =-1\scan_stop: 
(fontspec)             - 'bold italic' (b/it) with NFSS spec.:
(fontspec)             <->s*[0.7]"Verdana/BI/OT:script=latn;language=dflt;"
(fontspec)             - 'bold italic small caps'  (b/scit) with NFSS spec.:
(fontspec)             <->s*[0.7]"Verdana/BI/OT:script=latn;language=dflt;+smcp
;"
(fontspec)             and font adjustment code:
(fontspec)             \fontdimen 2\font =1\fontdimen 2\font \fontdimen 3\font
(fontspec)             =0\fontdimen 3\font \fontdimen 4\font =0\fontdimen
(fontspec)             4\font \fontdimen 7\font =0\fontdimen 2\font
(fontspec)             \tex_hyphenchar:D \font =-1\scan_stop: 

(C:\Users\maxim\AppData\Local\Programs\MiKTeX\tex/latex/listings\lstlang1.sty
File: lstlang1.sty 2023/02/27 1.9 listings language file
)
(C:\Users\maxim\AppData\Local\Programs\MiKTeX\tex/latex/listings\lstmisc.sty
File: lstmisc.sty 2023/02/27 1.9 (Carsten Heinz)
))
(main.aux

LaTeX Warning: Label `ssevsws:table' multiply defined.


LaTeX Warning: Label `ssevsws:table' multiply defined.


LaTeX Warning: Label `ssevsws:table' multiply defined.


LaTeX Warning: Label `ssevsws:table' multiply defined.


LaTeX Warning: Label `ssevsws:table' multiply defined.


LaTeX Warning: Label `ssevsws:table' multiply defined.


LaTeX Warning: Label `22' multiply defined.

)
\openout1 = `main.aux'.

LaTeX Font Info:    Checking defaults for OML/cmm/m/it on input line 31.
LaTeX Font Info:    ... okay on input line 31.
LaTeX Font Info:    Checking defaults for OMS/cmsy/m/n on input line 31.
LaTeX Font Info:    ... okay on input line 31.
LaTeX Font Info:    Checking defaults for OT1/cmr/m/n on input line 31.
LaTeX Font Info:    ... okay on input line 31.
LaTeX Font Info:    Checking defaults for T1/cmr/m/n on input line 31.
LaTeX Font Info:    ... okay on input line 31.
LaTeX Font Info:    Checking defaults for TS1/cmr/m/n on input line 31.
LaTeX Font Info:    Trying to load font information for TS1+cmr on input line 3
1.
 (C:\Users\maxim\AppData\Local\Programs\MiKTeX\tex/latex/base\ts1cmr.fd
File: ts1cmr.fd 2023/04/13 v2.5m Standard LaTeX font definitions
)
LaTeX Font Info:    ... okay on input line 31.
LaTeX Font Info:    Checking defaults for TU/lmr/m/n on input line 31.
LaTeX Font Info:    ... okay on input line 31.
LaTeX Font Info:    Checking defaults for OMX/cmex/m/n on input line 31.
LaTeX Font Info:    ... okay on input line 31.
LaTeX Font Info:    Checking defaults for U/cmr/m/n on input line 31.
LaTeX Font Info:    ... okay on input line 31.
LaTeX Font Info:    Checking defaults for PD1/pdf/m/n on input line 31.
LaTeX Font Info:    ... okay on input line 31.
LaTeX Font Info:    Checking defaults for PU/pdf/m/n on input line 31.
LaTeX Font Info:    ... okay on input line 31.

Package fontspec Info: Adjusting the maths setup (use [no-math] to avoid
(fontspec)             this).

\symlegacymaths=\mathgroup4
LaTeX Font Info:    Overwriting symbol font `legacymaths' in version `bold'
(Font)                  OT1/cmr/m/n --> OT1/cmr/bx/n on input line 31.
LaTeX Font Info:    Redeclaring math accent \acute on input line 31.
LaTeX Font Info:    Redeclaring math accent \grave on input line 31.
LaTeX Font Info:    Redeclaring math accent \ddot on input line 31.
LaTeX Font Info:    Redeclaring math accent \tilde on input line 31.
LaTeX Font Info:    Redeclaring math accent \bar on input line 31.
LaTeX Font Info:    Redeclaring math accent \breve on input line 31.
LaTeX Font Info:    Redeclaring math accent \check on input line 31.
LaTeX Font Info:    Redeclaring math accent \hat on input line 31.
LaTeX Font Info:    Redeclaring math accent \dot on input line 31.
LaTeX Font Info:    Redeclaring math accent \mathring on input line 31.
LaTeX Font Info:    Redeclaring math symbol \colon on input line 31.
LaTeX Font Info:    Redeclaring math symbol \Gamma on input line 31.
LaTeX Font Info:    Redeclaring math symbol \Delta on input line 31.
LaTeX Font Info:    Redeclaring math symbol \Theta on input line 31.
LaTeX Font Info:    Redeclaring math symbol \Lambda on input line 31.
LaTeX Font Info:    Redeclaring math symbol \Xi on input line 31.
LaTeX Font Info:    Redeclaring math symbol \Pi on input line 31.
LaTeX Font Info:    Redeclaring math symbol \Sigma on input line 31.
LaTeX Font Info:    Redeclaring math symbol \Upsilon on input line 31.
LaTeX Font Info:    Redeclaring math symbol \Phi on input line 31.
LaTeX Font Info:    Redeclaring math symbol \Psi on input line 31.
LaTeX Font Info:    Redeclaring math symbol \Omega on input line 31.
LaTeX Font Info:    Redeclaring math symbol \mathdollar on input line 31.
LaTeX Font Info:    Redeclaring symbol font `operators' on input line 31.
LaTeX Font Info:    Encoding `OT1' has changed to `TU' for symbol font
(Font)              `operators' in the math version `normal' on input line 31.
LaTeX Font Info:    Overwriting symbol font `operators' in version `normal'
(Font)                  OT1/cmr/m/n --> TU/TimesNewRoman(0)/m/n on input line 3
1.
LaTeX Font Info:    Encoding `OT1' has changed to `TU' for symbol font
(Font)              `operators' in the math version `bold' on input line 31.
LaTeX Font Info:    Overwriting symbol font `operators' in version `bold'
(Font)                  OT1/cmr/bx/n --> TU/TimesNewRoman(0)/m/n on input line 
31.
LaTeX Font Info:    Overwriting symbol font `operators' in version `normal'
(Font)                  TU/TimesNewRoman(0)/m/n --> TU/TimesNewRoman(0)/m/n on 
input line 31.
LaTeX Font Info:    Overwriting math alphabet `\mathit' in version `normal'
(Font)                  OT1/cmr/m/it --> TU/TimesNewRoman(0)/m/it on input line
 31.
LaTeX Font Info:    Overwriting math alphabet `\mathbf' in version `normal'
(Font)                  OT1/cmr/bx/n --> TU/TimesNewRoman(0)/b/n on input line 
31.
LaTeX Font Info:    Overwriting math alphabet `\mathsf' in version `normal'
(Font)                  OT1/cmss/m/n --> TU/lmss/m/n on input line 31.
LaTeX Font Info:    Overwriting math alphabet `\mathtt' in version `normal'
(Font)                  OT1/cmtt/m/n --> TU/Verdana(0)/m/n on input line 31.
LaTeX Font Info:    Overwriting symbol font `operators' in version `bold'
(Font)                  TU/TimesNewRoman(0)/m/n --> TU/TimesNewRoman(0)/b/n on 
input line 31.
LaTeX Font Info:    Overwriting math alphabet `\mathit' in version `bold'
(Font)                  OT1/cmr/bx/it --> TU/TimesNewRoman(0)/b/it on input lin
e 31.
LaTeX Font Info:    Overwriting math alphabet `\mathsf' in version `bold'
(Font)                  OT1/cmss/bx/n --> TU/lmss/b/n on input line 31.
LaTeX Font Info:    Overwriting math alphabet `\mathtt' in version `bold'
(Font)                  OT1/cmtt/m/n --> TU/Verdana(0)/b/n on input line 31.
LaTeX Info: Redefining \th on input line 31.
Package hyperref Info: Link coloring OFF on input line 31.

(main.out) (main.out)
\@outlinefile=\write3
\openout3 = `main.out'.

Package caption Info: Begin \AtBeginDocument code.
Package caption Info: listings package is loaded.
Package caption Info: End \AtBeginDocument code.
\c@lstlisting=\count311
LaTeX Font Info:    External font `cmex10' loaded for size
(Font)              <14.4> on input line 33.
LaTeX Font Info:    External font `cmex10' loaded for size
(Font)              <7> on input line 33.

Overfull \hbox (4.70218pt too wide) in paragraph at lines 33--33
[] 
 []


Overfull \hbox (4.70218pt too wide) in paragraph at lines 33--33
[]
 []


Underfull \hbox (badness 10000) in paragraph at lines 33--33

 []

[1] (ЛистЗадания.tex [2] (main.lop)
\tf@lop=\write4
\openout4 = `main.lop'.


Overfull \hbox (4.70218pt too wide) in paragraph at lines 93--104
[][]
 []


Underfull \hbox (badness 10000) in paragraph at lines 93--104

 []

) (Реферат.tex [3] [4]
\c=\count312
\last=\count313
\pnul=\count314
\c=\count315
\last=\count316
\pnul=\count317
\c=\count318
\last=\count319
\pnul=\count320
\c=\count321
\last=\count322
\pnul=\count323
 [5]
\c=\count324
\last=\count325
\pnul=\count326
\c=\count327
\last=\count328
\pnul=\count329
\c=\count330
\last=\count331
\pnul=\count332
\c=\count333
\last=\count334
\pnul=\count335
) [6] (main.toc
Underfull \hbox (badness 2073) in paragraph at lines 25--25
[][][]\TU/TimesNewRoman(0)/m/n/14.4 Вариант использования «Изменение пользовате
льских дан- 
 []

[7] [8])
\tf@toc=\write5
\openout5 = `main.toc'.

 (main.lpc)
\tf@lpc=\write6
\openout6 = `main.lpc'.

 (Обозначения.tex
Underfull \hbox (badness 2573) in paragraph at lines 1--1
\TU/TimesNewRoman(0)/m/n/14.4 Диаграммы классов моделей и контроллеров (Графиче
ский материал /
 []


Underfull \hbox (badness 1817) in paragraph at lines 1--1
\TU/TimesNewRoman(0)/m/n/14.4 Диаграмма классов SQL запросов (Графический матер
иал / Диаграмма
 []


Underfull \hbox (badness 10000) in paragraph at lines 1--1

 []

[9] [10]) (Введение.tex [11] [12]
\c=\count336
\last=\count337
\pnul=\count338

Underfull \hbox (badness 3364) in paragraph at lines 31--32
[]\TU/TimesNewRoman(0)/m/it/14.4 В резюме стартап-проекта \TU/TimesNewRoman(0)/
m/n/14.4 содержится основная информация о
 []

[13]) (Резюме.tex [14] [15]
Underfull \hbox (badness 5388) in paragraph at lines 24--25
[]\TU/TimesNewRoman(0)/m/n/14.4 AutoStop поддерживает популярные операционные с
истемы и
 []

[16]) (Анализ.tex [17]
Underfull \hbox (badness 1975) in paragraph at lines 11--12
[]\TU/TimesNewRoman(0)/m/n/14.4 Экологическая устойчивость. Совместные поездки 
способствуют
 []

[18] [19]
Underfull \hbox (badness 1237) in paragraph at lines 63--64
[]\TU/TimesNewRoman(0)/m/n/14.4 Коммуникация между пользователями. Встроенные м
ессенджеры
 []

[20] [21] [22]
Underfull \hbox (badness 1406) in paragraph at lines 128--129
[]\TU/TimesNewRoman(0)/m/n/14.4 Возможны проблемы при использовании приложения 
на слабых
 []


Underfull \hbox (badness 1082) in paragraph at lines 134--136
[]\TU/TimesNewRoman(0)/m/n/14.4 Еще одним приложением для поиска попутчиков, яв
ляется сервис
 []

[23] [24] [25] [26]
Underfull \hbox (badness 1142) in paragraph at lines 236--237
[]\TU/TimesNewRoman(0)/m/n/14.4 В интерфейсе поиска она указывает точку отправл
ения, конечный
 []

) (ТехЗадание.tex [27]
Underfull \hbox (badness 1194) in paragraph at lines 8--9
[]\TU/TimesNewRoman(0)/m/n/14.4 Функциональное назначение разрабатываемой кросс
платформенной
 []

[28] [29]
File: images/Precedent1.eps Graphic file (type eps)
<images/Precedent1.eps>
 [30]
File: images/Precedent2.eps Graphic file (type eps)
<images/Precedent2.eps>
File: images/Precedent3.eps Graphic file (type eps)
<images/Precedent3.eps>
 [31]
Underfull \hbox (badness 1603) in paragraph at lines 110--112
[]\TU/TimesNewRoman(0)/m/n/14.4 Заинтересованные лица и их требования: пользова
тели программ-
 []

[32]
Underfull \hbox (badness 5446) in paragraph at lines 140--140
[]\TU/TimesNewRoman(0)/b/n/14.4 2.3.2.4 Вариант использования «Изменение пользо
вательских
 []

[33] [34] [35] [36] [37] [38] [39] [40] [41] [42] [43]
Underfull \hbox (badness 4291) in paragraph at lines 391--392
\TU/TimesNewRoman(0)/m/n/14.4 использована система Microsoft SQL Server, разраб
отанная компанией
 []

[44]
Underfull \hbox (badness 1097) in paragraph at lines 431--432
[]\TU/TimesNewRoman(0)/m/n/14.4 Функции: Возможность автоматического корректног
о завершения
 []

[45]) (ТехПроект.tex [46]
Underfull \hbox (badness 1019) in paragraph at lines 33--35
[]\TU/TimesNewRoman(0)/m/n/14.4 Используемые для создания программно-информацио
нной системы
 []

[47] [48] [49] [50] [51] [52]
Underfull \hbox (badness 2564) in paragraph at lines 96--97
[]\TU/TimesNewRoman(0)/m/n/14.4 Безопасность передачи данных является важным ас
пектом HTTP.
 []

[53]
File: images/ErDiagramDB.eps Graphic file (type eps)
<images/ErDiagramDB.eps>
 [54]
Underfull \hbox (badness 4569) in paragraph at lines 145--145
[]|\TU/TimesNewRoman(0)/m/n/14.4 Фотография пользова-
 []


Underfull \hbox (badness 2119) in paragraph at lines 145--145
[]|\TU/TimesNewRoman(0)/m/n/14.4 Дата получения води-
 []


Underfull \hbox (badness 10000) in paragraph at lines 145--145
\TU/TimesNewRoman(0)/m/n/14.4 тельского удостовере-
 []


Underfull \hbox (badness 2221) in paragraph at lines 158--158
\TU/TimesNewRoman(0)/m/n/14.4 страционный знак ав-
 []

[55]
Underfull \hbox (badness 10000) in paragraph at lines 170--170
[]|\TU/TimesNewRoman(0)/m/n/14.4 FK на уникальный
 []


Underfull \hbox (badness 7796) in paragraph at lines 170--170
\TU/TimesNewRoman(0)/m/n/14.4 идентификатор поезд-
 []


Underfull \hbox (badness 10000) in paragraph at lines 170--170
[]|\TU/TimesNewRoman(0)/m/n/14.4 Количество пассажи-
 []


Underfull \hbox (badness 10000) in paragraph at lines 187--187
[]|\TU/TimesNewRoman(0)/m/n/14.4 Уникальнаый иденти-
 []


Underfull \hbox (badness 10000) in paragraph at lines 187--187
[]|\TU/TimesNewRoman(0)/m/n/14.4 Количество пассажи-
 []

[56]
Underfull \hbox (badness 10000) in paragraph at lines 198--198
[]|\TU/TimesNewRoman(0)/m/n/14.4 FK на уникальный
 []


Underfull \hbox (badness 7796) in paragraph at lines 198--198
\TU/TimesNewRoman(0)/m/n/14.4 идентификатор поезд-
 []

[57] [58]
File: images/diagramArch.eps Graphic file (type eps)
<images/diagramArch.eps>
 [59] [60] [61] [62]
Underfull \hbox (badness 10000) in paragraph at lines 313--313
[]\TU/TimesNewRoman(0)/b/n/14.4 3.4.3 Архитектура программных классов моделей и

 []

File: images/DiagramArch2.eps Graphic file (type eps)
<images/DiagramArch2.eps>
[63] [64] [65]
File: images/DiagramArch3.eps Graphic file (type eps)
<images/DiagramArch3.eps>

Underfull \hbox (badness 6808) in paragraph at lines 392--393
[]\TU/TimesNewRoman(0)/m/n/14.4 SQLSearchTravelPassenger обеспечивает функциона
льность поиска
 []

[66]) (РабочийПроект.tex [67]
Underfull \hbox (badness 7595) in paragraph at lines 2--2
[]\TU/TimesNewRoman(0)/b/n/14.4 4.1 Классы, используемые при разработке серверн
ой части
 []


Underfull \hbox (badness 1082) in paragraph at lines 8--9
[]\TU/TimesNewRoman(0)/m/n/14.4 Основные SQL-классы для подключения к базе данн
ых включают
 []


Underfull \hbox (badness 1831) in paragraph at lines 27--27
[]|\TU/TimesNewRoman(0)/m/n/14.4 Состояние подключе-
 []


Underfull \hbox (badness 6188) in paragraph at lines 41--41
[]|\TU/TimesNewRoman(0)/m/n/14.4 Устанавливает соединение с базой
 []


Underfull \hbox (badness 10000) in paragraph at lines 41--41
[]|\TU/TimesNewRoman(0)/m/n/14.4 Закрывает текущее соединение с
 []


Underfull \hbox (badness 10000) in paragraph at lines 41--41
\TU/TimesNewRoman(0)/m/n/14.4 базой данных. Не принимает ар-
 []


Underfull \hbox (badness 4940) in paragraph at lines 41--41
\TU/TimesNewRoman(0)/m/n/14.4 гументов. Возвращает объект типа
 []


Underfull \hbox (badness 10000) in paragraph at lines 41--41
\TU/TimesNewRoman(0)/m/n/14.4 SqlConnection, представляющий
 []

[68]
Underfull \hbox (badness 10000) in paragraph at lines 68--68
[]|\TU/TimesNewRoman(0)/m/n/14.4 OpenConnection
 []


Underfull \hbox (badness 2591) in paragraph at lines 68--68
\TU/TimesNewRoman(0)/m/n/14.4 ключения. Возвращает объект типа
 []


Underfull \hbox (badness 4441) in paragraph at lines 68--68
\TU/TimesNewRoman(0)/m/n/14.4 SqlConnection, представляющий ак-
 []


Underfull \hbox (badness 10000) in paragraph at lines 68--68
[]|\TU/TimesNewRoman(0)/m/n/14.4 CloseConnection
 []


Underfull \hbox (badness 2990) in paragraph at lines 84--84
[]|\TU/TimesNewRoman(0)/m/n/14.4 Удаляет запись о машине из базы
 []


Underfull \hbox (badness 1142) in paragraph at lines 84--84
\TU/TimesNewRoman(0)/m/n/14.4 гическое значение, указывающее на
 []

[69]
Underfull \hbox (badness 2726) in paragraph at lines 98--98
[]|\TU/TimesNewRoman(0)/m/n/14.4 Возвращает список всех чатов для
 []

[70]
Underfull \hbox (badness 10000) in paragraph at lines 113--113
\TU/TimesNewRoman(0)/m/n/14.4 в качестве аргумента. Возвращает
 []


Underfull \hbox (badness 10000) in paragraph at lines 113--113
[]|\TU/TimesNewRoman(0)/m/n/14.4 Удаляет оценку из базы данных
 []


Underfull \hbox (badness 10000) in paragraph at lines 113--113
\TU/TimesNewRoman(0)/m/n/14.4 по указанному идентификатору.
 []


Underfull \hbox (badness 10000) in paragraph at lines 113--113
\TU/TimesNewRoman(0)/m/n/14.4 Принимает идентификатор оценки
 []


Underfull \hbox (badness 10000) in paragraph at lines 113--113
\TU/TimesNewRoman(0)/m/n/14.4 в качестве аргумента. Возвращает
 []


Underfull \hbox (badness 7925) in paragraph at lines 113--113
\TU/TimesNewRoman(0)/m/n/14.4 логическое значение, указывающее
 []

[71]
Underfull \hbox (badness 1087) in paragraph at lines 140--140
\TU/TimesNewRoman(0)/m/n/14.4 лефона пользователя в качестве ар-
 []


Underfull \hbox (badness 1314) in paragraph at lines 140--140
\TU/TimesNewRoman(0)/m/n/14.4 гумента. Возвращает строку с име-
 []


Underfull \hbox (badness 2376) in paragraph at lines 140--140
\TU/TimesNewRoman(0)/m/n/14.4 с указанным номером телефона не
 []


Underfull \hbox (badness 1087) in paragraph at lines 155--155
\TU/TimesNewRoman(0)/m/n/14.4 лефона пользователя в качестве ар-
 []


Underfull \hbox (badness 1107) in paragraph at lines 155--155
\TU/TimesNewRoman(0)/m/n/14.4 гумента. Возвращает массив байтов
 []


Underfull \hbox (badness 1371) in paragraph at lines 155--155
\TU/TimesNewRoman(0)/m/n/14.4 с изображением пользователя. Если
 []

[72]
Underfull \hbox (badness 10000) in paragraph at lines 183--183
[]|\TU/TimesNewRoman(0)/m/n/14.4 Database
 []


Underfull \hbox (badness 3612) in paragraph at lines 183--183
[]|\TU/TimesNewRoman(0)/m/n/14.4 Менеджер базы дан-
 []


Underfull \hbox (badness 6332) in paragraph at lines 183--183
\TU/TimesNewRoman(0)/m/n/14.4 ных для управления
 []


Underfull \hbox (badness 1558) in paragraph at lines 199--199
\TU/TimesNewRoman(0)/m/n/14.4 лефонов пользователей. Возвращает
 []


Underfull \hbox (badness 10000) in paragraph at lines 199--199
[]|\TU/TimesNewRoman(0)/m/n/14.4 GetMessageById
 []

[73]
Underfull \hbox (badness 10000) in paragraph at lines 214--214
\TU/TimesNewRoman(0)/m/n/14.4 содержащий данные пассажира.
 []


Underfull \hbox (badness 10000) in paragraph at lines 214--214
\TU/TimesNewRoman(0)/m/n/14.4 Возвращает результат добавления
 []


Underfull \hbox (badness 1231) in paragraph at lines 214--214
\TU/TimesNewRoman(0)/m/n/14.4 Принимает объект Passenger, содер-
 []


Underfull \hbox (badness 10000) in paragraph at lines 228--228
[]|\TU/TimesNewRoman(0)/m/n/14.4 Регистрирует нового пользователя
 []


Underfull \hbox (badness 4805) in paragraph at lines 228--228
\TU/TimesNewRoman(0)/m/n/14.4 в базе данных. Принимает объект
 []


Underfull \hbox (badness 10000) in paragraph at lines 228--228
\TU/TimesNewRoman(0)/m/n/14.4 Registration, содержащий данные
 []


Underfull \hbox (badness 10000) in paragraph at lines 228--228
\TU/TimesNewRoman(0)/m/n/14.4 пользователя. Выполняет команду
 []


Underfull \hbox (badness 10000) in paragraph at lines 228--228
\TU/TimesNewRoman(0)/m/n/14.4 INSERT для добавления данных
 []

[74]
Underfull \hbox (badness 10000) in paragraph at lines 242--242
[]|\TU/TimesNewRoman(0)/m/n/14.4 Выполняет поиск поездок для
 []


Underfull \hbox (badness 10000) in paragraph at lines 242--242
\TU/TimesNewRoman(0)/m/n/14.4 пассажира. Принимает объект
 []


Underfull \hbox (badness 10000) in paragraph at lines 242--242
\TU/TimesNewRoman(0)/m/n/14.4 объектов Travel, соответствующих
 []


Underfull \hbox (badness 10000) in paragraph at lines 260--260
[]|\TU/TimesNewRoman(0)/m/n/14.4 GetTravelsBy
 []


Underfull \hbox (badness 10000) in paragraph at lines 260--260
[]|\TU/TimesNewRoman(0)/m/n/14.4 GetTravelsBy
 []


Underfull \hbox (badness 1005) in paragraph at lines 260--260
\TU/TimesNewRoman(0)/m/n/14.4 мает идентификатор поездки и воз-
 []

[75] [76]
Underfull \hbox (badness 10000) in paragraph at lines 314--314
[]|\TU/TimesNewRoman(0)/m/n/14.4 Государственный ре-
 []


Underfull \hbox (badness 10000) in paragraph at lines 314--314
\TU/TimesNewRoman(0)/m/n/14.4 гистрационный знак
 []


Underfull \hbox (badness 1077) in paragraph at lines 314--314
\TU/TimesNewRoman(0)/m/n/14.4 зователя, владеющего
 []


Underfull \hbox (badness 10000) in paragraph at lines 334--334
[]|\TU/TimesNewRoman(0)/m/n/14.4 Уникальный иденти-
 []


Underfull \hbox (badness 1642) in paragraph at lines 334--334
[]|\TU/TimesNewRoman(0)/m/n/14.4 Номер телефона вто-
 []


Overfull \hbox (3.67139pt too wide) in paragraph at lines 334--334
[]|\TU/TimesNewRoman(0)/m/n/14.4 List<Message>| 
 []


Underfull \hbox (badness 1939) in paragraph at lines 334--334
[]|\TU/TimesNewRoman(0)/m/n/14.4 Список сообщений в
 []

[77]
Underfull \hbox (badness 2582) in paragraph at lines 382--382
[]|\TU/TimesNewRoman(0)/m/n/14.4 Идентификатор сооб-
 []


Underfull \hbox (badness 10000) in paragraph at lines 382--382
[]|\TU/TimesNewRoman(0)/m/n/14.4 Идентификатор чата,
 []


Underfull \hbox (badness 8132) in paragraph at lines 382--382
[]|\TU/TimesNewRoman(0)/m/n/14.4 Номер телефона от-
 []


Underfull \hbox (badness 4001) in paragraph at lines 382--382
[]|\TU/TimesNewRoman(0)/m/n/14.4 Содержимое сообще-
 []

[78]
Underfull \hbox (badness 1275) in paragraph at lines 398--398
[]|\TU/TimesNewRoman(0)/m/n/14.4 Номер телефона пас-
 []


Underfull \hbox (badness 6204) in paragraph at lines 398--398
[]|\TU/TimesNewRoman(0)/m/n/14.4 Количество пассажи-
 []


Underfull \hbox (badness 6204) in paragraph at lines 415--415
[]|\TU/TimesNewRoman(0)/m/n/14.4 Количество пассажи-
 []


Underfull \hbox (badness 5652) in paragraph at lines 433--433
[]|\TU/TimesNewRoman(0)/m/n/14.4 Фамилия пользовате-
 []


Underfull \hbox (badness 1603) in paragraph at lines 433--433
[]|\TU/TimesNewRoman(0)/m/n/14.4 Дата рождения поль-
 []

[79]
Underfull \hbox (badness 2435) in paragraph at lines 456--456
[]|\TU/TimesNewRoman(0)/m/n/14.4 Номерной знак авто-
 []


Underfull \hbox (badness 6204) in paragraph at lines 456--456
[]|\TU/TimesNewRoman(0)/m/n/14.4 Количество пассажи-
 []


Underfull \hbox (badness 10000) in paragraph at lines 456--456
[]|\TU/TimesNewRoman(0)/m/n/14.4 List
 []


Underfull \hbox (badness 10000) in paragraph at lines 456--456
[]|\TU/TimesNewRoman(0)/m/n/14.4 Показатель активно-
 []


Underfull \hbox (badness 5652) in paragraph at lines 476--476
[]|\TU/TimesNewRoman(0)/m/n/14.4 Фамилия пользовате-
 []


Underfull \hbox (badness 1603) in paragraph at lines 476--476
[]|\TU/TimesNewRoman(0)/m/n/14.4 Дата рождения поль-
 []


Underfull \hbox (badness 3000) in paragraph at lines 476--476
\TU/TimesNewRoman(0)/m/n/14.4 теля в виде массива
 []

[80]
Underfull \hbox (badness 4699) in paragraph at lines 481--482
\TU/TimesNewRoman(0)/m/n/14.4 клиента, и предоставляя соответствующие данные. Н
екоторые из на-
 []


Underfull \hbox (badness 4193) in paragraph at lines 481--482
\TU/TimesNewRoman(0)/m/n/14.4 ших контроллеров, такие как ChatAPIController, Tr
avelAPIController, и
 []

[81]
Underfull \hbox (badness 2197) in paragraph at lines 516--516
[]|\TU/TimesNewRoman(0)/m/n/14.4 Создает новый чат в базе данных.
 []


Underfull \hbox (badness 2894) in paragraph at lines 516--516
\TU/TimesNewRoman(0)/m/n/14.4 Принимает объект Chat в теле за-
 []

[82]
Underfull \hbox (badness 1152) in paragraph at lines 545--545
[]|\TU/TimesNewRoman(0)/m/n/14.4 Получает имя пользователя по ука-
 []


Underfull \hbox (badness 7238) in paragraph at lines 560--560
\TU/TimesNewRoman(0)/m/n/14.4 ражения в формате multipart/form-
 []


Underfull \hbox (badness 2556) in paragraph at lines 560--560
\TU/TimesNewRoman(0)/m/n/14.4 нимает номер телефона в качестве
 []


Underfull \hbox (badness 1354) in paragraph at lines 560--560
\TU/TimesNewRoman(0)/m/n/14.4 жение в формате jpeg или код 404
 []

[83]
Underfull \hbox (badness 1052) in paragraph at lines 574--574
[]|\TU/TimesNewRoman(0)/m/n/14.4 Аутентификация пользователя. При-
 []


Underfull \hbox (badness 1406) in paragraph at lines 574--574
\TU/TimesNewRoman(0)/m/n/14.4 мер телефона и пароль пользовате-
 []


Underfull \hbox (badness 1194) in paragraph at lines 589--589
\TU/TimesNewRoman(0)/m/n/14.4 ект Message, содержащий информа-
 []


Underfull \hbox (badness 2846) in paragraph at lines 589--589
\TU/TimesNewRoman(0)/m/n/14.4 цию о сообщении (id чата, отпра-
 []


Underfull \hbox (badness 2626) in paragraph at lines 589--589
\TU/TimesNewRoman(0)/m/n/14.4 витель, содержание и дата отправ-
 []


Underfull \hbox (badness 1383) in paragraph at lines 589--589
\TU/TimesNewRoman(0)/m/n/14.4 ки). Возвращает идентификатор до-
 []


Underfull \hbox (badness 4995) in paragraph at lines 589--589
[]|\TU/TimesNewRoman(0)/m/n/14.4 Получение сообщений по id чата.
 []

[84]
Underfull \hbox (badness 10000) in paragraph at lines 604--604
[]|\TU/TimesNewRoman(0)/m/n/14.4 Добавление пассажира к поездке.
 []


Underfull \hbox (badness 1231) in paragraph at lines 604--604
\TU/TimesNewRoman(0)/m/n/14.4 Принимает объект Passenger, содер-
 []


Underfull \hbox (badness 10000) in paragraph at lines 604--604
\TU/TimesNewRoman(0)/m/n/14.4 жащий информацию о пассажире
 []


Underfull \hbox (badness 1210) in paragraph at lines 604--604
\TU/TimesNewRoman(0)/m/n/14.4 (телефон пассажира, идентификатор
 []


Underfull \hbox (badness 2426) in paragraph at lines 604--604
\TU/TimesNewRoman(0)/m/n/14.4 поездки и количество пассажиров).
 []


Underfull \hbox (badness 3460) in paragraph at lines 604--604
\TU/TimesNewRoman(0)/m/n/14.4 ответ в зависимости от результата
 []


Underfull \hbox (badness 2486) in paragraph at lines 604--604
\TU/TimesNewRoman(0)/m/n/14.4 операции (пассажир добавлен, пас-
 []


Underfull \hbox (badness 6910) in paragraph at lines 604--604
\TU/TimesNewRoman(0)/m/n/14.4 сажир уже существует в поездке,
 []


Underfull \hbox (badness 1755) in paragraph at lines 604--604
\TU/TimesNewRoman(0)/m/n/14.4 информацию о пассажире (телефон
 []


Underfull \hbox (badness 3460) in paragraph at lines 604--604
\TU/TimesNewRoman(0)/m/n/14.4 ответ в зависимости от результата
 []


Underfull \hbox (badness 10000) in paragraph at lines 620--620
[]|\TU/TimesNewRoman(0)/m/n/14.4 Получение рейтинга пользовате-
 []


Underfull \hbox (badness 7308) in paragraph at lines 620--620
\TU/TimesNewRoman(0)/m/n/14.4 ля. Принимает телефонный номер
 []


Underfull \hbox (badness 10000) in paragraph at lines 620--620
\TU/TimesNewRoman(0)/m/n/14.4 пользователя. Возвращает спи-
 []


Underfull \hbox (badness 10000) in paragraph at lines 620--620
\TU/TimesNewRoman(0)/m/n/14.4 сок объектов Rating, содержащих
 []


Underfull \hbox (badness 10000) in paragraph at lines 620--620
\TU/TimesNewRoman(0)/m/n/14.4 информацию о рейтинге данного
 []


Underfull \hbox (badness 1454) in paragraph at lines 620--620
\TU/TimesNewRoman(0)/m/n/14.4 ден или не существует, возвращает
 []


Underfull \hbox (badness 10000) in paragraph at lines 620--620
[]|\TU/TimesNewRoman(0)/m/n/14.4 Добавление рейтинга. Принимает
 []


Underfull \hbox (badness 10000) in paragraph at lines 620--620
\TU/TimesNewRoman(0)/m/n/14.4 объект Rating, содержащий ин-
 []


Underfull \hbox (badness 10000) in paragraph at lines 620--620
\TU/TimesNewRoman(0)/m/n/14.4 формацию о рейтинге (телефон
 []


Underfull \hbox (badness 10000) in paragraph at lines 620--620
\TU/TimesNewRoman(0)/m/n/14.4 отправителя, телефон получателя
 []


Underfull \hbox (badness 5741) in paragraph at lines 620--620
\TU/TimesNewRoman(0)/m/n/14.4 и текст комментария). Возвращает
 []


Underfull \hbox (badness 10000) in paragraph at lines 620--620
\TU/TimesNewRoman(0)/m/n/14.4 идентификатор добавленного ком-
 []


Underfull \hbox (badness 10000) in paragraph at lines 620--620
\TU/TimesNewRoman(0)/m/n/14.4 ментария или соответствующий
 []

[85]
Underfull \hbox (badness 3219) in paragraph at lines 634--634
\TU/TimesNewRoman(0)/m/n/14.4 ет объект Registration, содержащий
 []


Underfull \hbox (badness 2790) in paragraph at lines 634--634
\TU/TimesNewRoman(0)/m/n/14.4 информацию о новом пользователе
 []


Underfull \hbox (badness 2762) in paragraph at lines 634--634
\TU/TimesNewRoman(0)/m/n/14.4 (имя, фамилия, дата рождения, те-
 []


Underfull \hbox (badness 2828) in paragraph at lines 634--634
\TU/TimesNewRoman(0)/m/n/14.4 лефон и пароль). Выполняет реги-
 []


Underfull \hbox (badness 1742) in paragraph at lines 651--651
[]|\TU/TimesNewRoman(0)/m/n/14.4 Создание новой поездки. Принима-
 []


Underfull \hbox (badness 2717) in paragraph at lines 651--651
\TU/TimesNewRoman(0)/m/n/14.4 мацию о новой поездке. Выполня-
 []


Underfull \hbox (badness 3428) in paragraph at lines 651--651
\TU/TimesNewRoman(0)/m/n/14.4 ет создание новой поездки в базе
 []


Underfull \hbox (badness 1762) in paragraph at lines 651--651
\TU/TimesNewRoman(0)/m/n/14.4 данных. Возвращает идентификатор
 []


Underfull \hbox (badness 2856) in paragraph at lines 651--651
\TU/TimesNewRoman(0)/m/n/14.4 Принимает телефон водителя. Воз-
 []


Overfull \hbox (1.63503pt too wide) in paragraph at lines 651--651
[]|\TU/TimesNewRoman(0)/m/n/14.4 GetTravelPassenger| 
 []


Underfull \hbox (badness 10000) in paragraph at lines 651--651
[]|\TU/TimesNewRoman(0)/m/n/14.4 [HttpGet
 []


Underfull \hbox (badness 3078) in paragraph at lines 651--651
\TU/TimesNewRoman(0)/m/n/14.4 ра. Принимает телефон пассажира.
 []


Underfull \hbox (badness 1038) in paragraph at lines 651--651
\TU/TimesNewRoman(0)/m/n/14.4 ных с указанным телефоном пасса-
 []


Underfull \hbox (badness 1642) in paragraph at lines 651--651
\TU/TimesNewRoman(0)/m/n/14.4 жира, или соответствующий HTTP-
 []

[86]
Underfull \hbox (badness 4279) in paragraph at lines 665--665
\TU/TimesNewRoman(0)/m/n/14.4 (начальный город), endCity (конеч-
 []


Underfull \hbox (badness 1430) in paragraph at lines 665--665
\TU/TimesNewRoman(0)/m/n/14.4 ответствующих указанным парамет-
 []


Underfull \hbox (badness 1194) in paragraph at lines 665--665
\TU/TimesNewRoman(0)/m/n/14.4 рам. Возвращает список найденных
 []

[87] [88]
File: images/test5.png Graphic file (type bmp)
<images/test5.png>
File: images/test1.png Graphic file (type bmp)
<images/test1.png>
 [89]
File: images/test2.png Graphic file (type bmp)
<images/test2.png>
File: images/test3.png Graphic file (type bmp)
<images/test3.png>
 [90]
File: images/test4.png Graphic file (type bmp)
<images/test4.png>
File: images/test6.png Graphic file (type bmp)
<images/test6.png>
 [91]
File: images/test7.png Graphic file (type bmp)
<images/test7.png>
File: images/test8.png Graphic file (type bmp)
<images/test8.png>
 [92] [93]
File: images/test9.png Graphic file (type bmp)
<images/test9.png>
 [94]
File: images/test10.png Graphic file (type bmp)
<images/test10.png>
 [95]
File: images/test11.png Graphic file (type bmp)
<images/test11.png>
) (Заключение.tex [96] [97])
(СписокИсточников.tex [98] [99] [100] [101] [102] [103]) (Плакаты.tex [104]
[105]
Invalid UTF-8 byte or sequence at line 12 replaced by U+FFFD.
Invalid UTF-8 byte or sequence at line 12 replaced by U+FFFD.
Invalid UTF-8 byte or sequence at line 12 replaced by U+FFFD.
Invalid UTF-8 byte or sequence at line 12 replaced by U+FFFD.
Invalid UTF-8 byte or sequence at line 12 replaced by U+FFFD.
Invalid UTF-8 byte or sequence at line 12 replaced by U+FFFD.
File: images/Placat1.eps Graphic file (type eps)
<images/Placat1.eps>
Invalid UTF-8 byte or sequence at line 18 replaced by U+FFFD.
Invalid UTF-8 byte or sequence at line 18 replaced by U+FFFD.
Invalid UTF-8 byte or sequence at line 18 replaced by U+FFFD.
Invalid UTF-8 byte or sequence at line 18 replaced by U+FFFD.
Invalid UTF-8 byte or sequence at line 18 replaced by U+FFFD.
Invalid UTF-8 byte or sequence at line 18 replaced by U+FFFD.
Invalid UTF-8 byte or sequence at line 18 replaced by U+FFFD.
File: images/Placat2.eps Graphic file (type eps)
<images/Placat2.eps>
 [106

]
Invalid UTF-8 byte or sequence at line 24 replaced by U+FFFD.
Invalid UTF-8 byte or sequence at line 24 replaced by U+FFFD.
Invalid UTF-8 byte or sequence at line 24 replaced by U+FFFD.
Invalid UTF-8 byte or sequence at line 24 replaced by U+FFFD.
Invalid UTF-8 byte or sequence at line 24 replaced by U+FFFD.
Invalid UTF-8 byte or sequence at line 24 replaced by U+FFFD.
File: images/Placat3.eps Graphic file (type eps)
<images/Placat3.eps>
 [107]
Invalid UTF-8 byte or sequence at line 30 replaced by U+FFFD.
Invalid UTF-8 byte or sequence at line 30 replaced by U+FFFD.
Invalid UTF-8 byte or sequence at line 30 replaced by U+FFFD.
Invalid UTF-8 byte or sequence at line 30 replaced by U+FFFD.
Invalid UTF-8 byte or sequence at line 30 replaced by U+FFFD.
Invalid UTF-8 byte or sequence at line 30 replaced by U+FFFD.
File: images/Placat4.eps Graphic file (type eps)
<images/Placat4.eps>
 [108]
Invalid UTF-8 byte or sequence at line 36 replaced by U+FFFD.
Invalid UTF-8 byte or sequence at line 36 replaced by U+FFFD.
Invalid UTF-8 byte or sequence at line 36 replaced by U+FFFD.
Invalid UTF-8 byte or sequence at line 36 replaced by U+FFFD.
Invalid UTF-8 byte or sequence at line 36 replaced by U+FFFD.
Invalid UTF-8 byte or sequence at line 36 replaced by U+FFFD.
File: images/Placat5.eps Graphic file (type eps)
<images/Placat5.eps>
 [109]
Invalid UTF-8 byte or sequence at line 42 replaced by U+FFFD.
Invalid UTF-8 byte or sequence at line 42 replaced by U+FFFD.
Invalid UTF-8 byte or sequence at line 42 replaced by U+FFFD.
Invalid UTF-8 byte or sequence at line 42 replaced by U+FFFD.
Invalid UTF-8 byte or sequence at line 42 replaced by U+FFFD.
Invalid UTF-8 byte or sequence at line 42 replaced by U+FFFD.
Invalid UTF-8 byte or sequence at line 42 replaced by U+FFFD.
Invalid UTF-8 byte or sequence at line 42 replaced by U+FFFD.
File: images/Placat6.eps Graphic file (type eps)
<images/Placat6.eps>
 [110]
Invalid UTF-8 byte or sequence at line 48 replaced by U+FFFD.
Invalid UTF-8 byte or sequence at line 48 replaced by U+FFFD.
Invalid UTF-8 byte or sequence at line 48 replaced by U+FFFD.
Invalid UTF-8 byte or sequence at line 48 replaced by U+FFFD.
Invalid UTF-8 byte or sequence at line 48 replaced by U+FFFD.
Invalid UTF-8 byte or sequence at line 48 replaced by U+FFFD.
Invalid UTF-8 byte or sequence at line 48 replaced by U+FFFD.
Invalid UTF-8 byte or sequence at line 48 replaced by U+FFFD.
File: images/Placat7.eps Graphic file (type eps)
<images/Placat7.eps>
 [111]
Invalid UTF-8 byte or sequence at line 54 replaced by U+FFFD.
Invalid UTF-8 byte or sequence at line 54 replaced by U+FFFD.
Invalid UTF-8 byte or sequence at line 54 replaced by U+FFFD.
Invalid UTF-8 byte or sequence at line 54 replaced by U+FFFD.
Invalid UTF-8 byte or sequence at line 54 replaced by U+FFFD.
Invalid UTF-8 byte or sequence at line 54 replaced by U+FFFD.
Invalid UTF-8 byte or sequence at line 54 replaced by U+FFFD.
File: images/Placat8.eps Graphic file (type eps)
<images/Placat8.eps>
 [112] [113]) (Код.tex
(C:\Users\maxim\AppData\Local\Programs\MiKTeX\tex/latex/listings\lstlang1.sty
File: lstlang1.sty 2023/02/27 1.9 listings language file
)
LaTeX Font Info:    Font shape `TU/Verdana(0)/m/n' will be
(Font)              scaled to size 10.07994pt on input line 4.

[114

] [115] [116] [117] [118] [119] [120] [121] [122] [123] [124] [125])
[126] (main.aux)
 ***********
LaTeX2e <2023-11-01> patch level 1
L3 programming layer <2024-01-04>
 ***********


LaTeX Warning: There were multiply-defined labels.

Package rerunfilecheck Info: File `main.out' has not changed.
(rerunfilecheck)             Checksum: BD1BE52E71EE9734E82DC0FCBFF45223;26512.
 ) 
Here is how much of TeX's memory you used:
 17162 strings out of 409617
 331083 string characters out of 5774013
 2167191 words of memory out of 5000000
 38989 multiletter control sequences out of 15000+600000
 559598 words of font info for 72 fonts, out of 8000000 for 9000
 1348 hyphenation exceptions out of 8191
 99i,11n,110p,874b,2036s stack positions out of 10000i,1000n,20000p,200000b,200000s

Output written on main.pdf (126 pages).
